2018-12-02 00:01:09.152  INFO 5124 --- [Thread-8] ConfigServletWebServerApplicationContext : Closing org.springframework.boot.web.servlet.context.AnnotationConfigServletWebServerApplicationContext@611ac8: startup date [Sat Dec 01 23:54:45 CST 2018]; root of context hierarchy
2018-12-02 00:01:09.159  INFO 5124 --- [Thread-8] o.s.j.e.a.AnnotationMBeanExporter        : Unregistering JMX-exposed beans on shutdown
2018-12-02 00:01:09.161  INFO 5124 --- [Thread-8] o.s.j.e.a.AnnotationMBeanExporter        : Unregistering JMX-exposed beans
2018-12-02 00:01:09.168  INFO 5124 --- [Thread-8] j.LocalContainerEntityManagerFactoryBean : Closing JPA EntityManagerFactory for persistence unit 'default'
2018-12-02 00:01:09.171  INFO 5124 --- [Thread-8] com.zaxxer.hikari.HikariDataSource       : HikariPool-1 - Shutdown initiated...
2018-12-02 00:01:09.176  INFO 5124 --- [Thread-8] com.zaxxer.hikari.HikariDataSource       : HikariPool-1 - Shutdown completed.
2018-12-02 00:01:09.516  INFO 5124 --- [restartedMain] com.example.demo.Sd3Application          : Starting Sd3Application on Trandrew with PID 5124 (C:\Users\Andrew\Downloads\ComS_309\SD_3\Backend\SD3\target\classes started by Andrew in C:\Users\Andrew\Downloads\ComS_309\SD_3\Backend\SD3)
2018-12-02 00:01:09.517  INFO 5124 --- [restartedMain] com.example.demo.Sd3Application          : No active profile set, falling back to default profiles: default
2018-12-02 00:01:09.522  INFO 5124 --- [restartedMain] ConfigServletWebServerApplicationContext : Refreshing org.springframework.boot.web.servlet.context.AnnotationConfigServletWebServerApplicationContext@11855dd: startup date [Sun Dec 02 00:01:09 CST 2018]; root of context hierarchy
2018-12-02 00:01:10.613  INFO 5124 --- [restartedMain] trationDelegate$BeanPostProcessorChecker : Bean 'org.springframework.transaction.annotation.ProxyTransactionManagementConfiguration' of type [org.springframework.transaction.annotation.ProxyTransactionManagementConfiguration$$EnhancerBySpringCGLIB$$56b1d983] is not eligible for getting processed by all BeanPostProcessors (for example: not eligible for auto-proxying)
2018-12-02 00:01:10.803  INFO 5124 --- [restartedMain] o.s.b.w.embedded.tomcat.TomcatWebServer  : Tomcat initialized with port(s): 8080 (http)
2018-12-02 00:01:10.805  INFO 5124 --- [restartedMain] o.apache.catalina.core.StandardService   : Starting service [Tomcat]
2018-12-02 00:01:10.805  INFO 5124 --- [restartedMain] org.apache.catalina.core.StandardEngine  : Starting Servlet Engine: Apache Tomcat/8.5.34
2018-12-02 00:01:10.838  INFO 5124 --- [localhost-startStop-1] o.a.c.c.C.[Tomcat].[localhost].[/]       : Initializing Spring embedded WebApplicationContext
2018-12-02 00:01:10.839  INFO 5124 --- [localhost-startStop-1] o.s.web.context.ContextLoader            : Root WebApplicationContext: initialization completed in 1317 ms
2018-12-02 00:01:11.039  INFO 5124 --- [localhost-startStop-1] o.s.b.w.servlet.FilterRegistrationBean   : Mapping filter: 'characterEncodingFilter' to: [/*]
2018-12-02 00:01:11.039  INFO 5124 --- [localhost-startStop-1] o.s.b.w.servlet.FilterRegistrationBean   : Mapping filter: 'webMvcMetricsFilter' to: [/*]
2018-12-02 00:01:11.039  INFO 5124 --- [localhost-startStop-1] o.s.b.w.servlet.FilterRegistrationBean   : Mapping filter: 'hiddenHttpMethodFilter' to: [/*]
2018-12-02 00:01:11.039  INFO 5124 --- [localhost-startStop-1] o.s.b.w.servlet.FilterRegistrationBean   : Mapping filter: 'httpPutFormContentFilter' to: [/*]
2018-12-02 00:01:11.040  INFO 5124 --- [localhost-startStop-1] o.s.b.w.servlet.FilterRegistrationBean   : Mapping filter: 'requestContextFilter' to: [/*]
2018-12-02 00:01:11.040  INFO 5124 --- [localhost-startStop-1] o.s.b.w.servlet.FilterRegistrationBean   : Mapping filter: 'httpTraceFilter' to: [/*]
2018-12-02 00:01:11.040  INFO 5124 --- [localhost-startStop-1] o.s.b.w.servlet.ServletRegistrationBean  : Servlet dispatcherServlet mapped to [/]
2018-12-02 00:01:11.066  INFO 5124 --- [restartedMain] com.zaxxer.hikari.HikariDataSource       : HikariPool-2 - Starting...
2018-12-02 00:01:11.153  INFO 5124 --- [restartedMain] com.zaxxer.hikari.HikariDataSource       : HikariPool-2 - Start completed.
2018-12-02 00:01:11.177  INFO 5124 --- [restartedMain] j.LocalContainerEntityManagerFactoryBean : Building JPA container EntityManagerFactory for persistence unit 'default'
2018-12-02 00:01:11.177  INFO 5124 --- [restartedMain] o.hibernate.jpa.internal.util.LogHelper  : HHH000204: Processing PersistenceUnitInfo [
	name: default
	...]
2018-12-02 00:01:11.211  INFO 5124 --- [restartedMain] org.hibernate.dialect.Dialect            : HHH000400: Using dialect: org.hibernate.dialect.MySQL5Dialect
2018-12-02 00:01:11.332  INFO 5124 --- [restartedMain] j.LocalContainerEntityManagerFactoryBean : Initialized JPA EntityManagerFactory for persistence unit 'default'
2018-12-02 00:01:11.381  INFO 5124 --- [restartedMain] o.h.h.i.QueryTranslatorFactoryInitiator  : HHH000397: Using ASTQueryTranslatorFactory
2018-12-02 00:01:11.616  INFO 5124 --- [restartedMain] o.s.w.s.handler.SimpleUrlHandlerMapping  : Mapped URL path [/**/favicon.ico] onto handler of type [class org.springframework.web.servlet.resource.ResourceHttpRequestHandler]
2018-12-02 00:01:11.737  INFO 5124 --- [restartedMain] s.w.s.m.m.a.RequestMappingHandlerAdapter : Looking for @ControllerAdvice: org.springframework.boot.web.servlet.context.AnnotationConfigServletWebServerApplicationContext@11855dd: startup date [Sun Dec 02 00:01:09 CST 2018]; root of context hierarchy
2018-12-02 00:01:11.753  WARN 5124 --- [restartedMain] aWebConfiguration$JpaWebMvcConfiguration : spring.jpa.open-in-view is enabled by default. Therefore, database queries may be performed during view rendering. Explicitly configure spring.jpa.open-in-view to disable this warning
2018-12-02 00:01:11.783  INFO 5124 --- [restartedMain] s.w.s.m.m.a.RequestMappingHandlerMapping : Mapped "{[/request/business/{businessID}],methods=[GET]}" onto public com.example.demo.business.Business com.example.demo.business.BusinessController.getBusiness(int)
2018-12-02 00:01:11.783  INFO 5124 --- [restartedMain] s.w.s.m.m.a.RequestMappingHandlerMapping : Mapped "{[/post/new/business],methods=[POST]}" onto public com.example.demo.business.Business com.example.demo.business.BusinessController.saveBusiness(com.example.demo.business.Business)
2018-12-02 00:01:11.784  INFO 5124 --- [restartedMain] s.w.s.m.m.a.RequestMappingHandlerMapping : Mapped "{[/put/update/business/{businessID}],methods=[PUT]}" onto public com.example.demo.business.Business com.example.demo.business.BusinessController.updateBusiness(int,com.example.demo.business.Business)
2018-12-02 00:01:11.784  INFO 5124 --- [restartedMain] s.w.s.m.m.a.RequestMappingHandlerMapping : Mapped "{[/post/business/login],methods=[POST]}" onto public com.example.demo.business.Business com.example.demo.business.BusinessController.businessLogin(com.example.demo.business.UserLogin)
2018-12-02 00:01:11.784  INFO 5124 --- [restartedMain] s.w.s.m.m.a.RequestMappingHandlerMapping : Mapped "{[/delete/business/{businessID}],methods=[DELETE]}" onto public void com.example.demo.business.BusinessController.deleteBusiness(int)
2018-12-02 00:01:11.784  INFO 5124 --- [restartedMain] s.w.s.m.m.a.RequestMappingHandlerMapping : Mapped "{[/put/update/business/password/{businessID}],methods=[PUT]}" onto public void com.example.demo.business.BusinessController.updateBusinessPassword(int,com.example.demo.business.Business)
2018-12-02 00:01:11.786  INFO 5124 --- [restartedMain] s.w.s.m.m.a.RequestMappingHandlerMapping : Mapped "{[/post/new/business/post],methods=[POST]}" onto public com.example.demo.businessPost.BusinessPosts com.example.demo.businessPost.BusinessPostController.saveBusinessPost(com.example.demo.businessPost.BusinessPosts)
2018-12-02 00:01:11.787  INFO 5124 --- [restartedMain] s.w.s.m.m.a.RequestMappingHandlerMapping : Mapped "{[/delete/business/post/{postID}],methods=[DELETE]}" onto public void com.example.demo.businessPost.BusinessPostController.deleteBusinessPost(int)
2018-12-02 00:01:11.787  INFO 5124 --- [restartedMain] s.w.s.m.m.a.RequestMappingHandlerMapping : Mapped "{[/request/business/posts/{postID}],methods=[GET]}" onto public java.util.Optional<com.example.demo.businessPost.BusinessPosts> com.example.demo.businessPost.BusinessPostController.getBusinessPostByID(int)
2018-12-02 00:01:11.788  INFO 5124 --- [restartedMain] s.w.s.m.m.a.RequestMappingHandlerMapping : Mapped "{[/request/business/posts/all],methods=[GET]}" onto public java.util.List<com.example.demo.businessPost.BusinessPosts> com.example.demo.businessPost.BusinessPostController.getAllBusinessPosts()
2018-12-02 00:01:11.788  INFO 5124 --- [restartedMain] s.w.s.m.m.a.RequestMappingHandlerMapping : Mapped "{[/request/comments/{parentID}],methods=[GET]}" onto public java.util.List<com.example.demo.comment.Comments> com.example.demo.comment.CommentController.getPostComments(int)
2018-12-02 00:01:11.788  INFO 5124 --- [restartedMain] s.w.s.m.m.a.RequestMappingHandlerMapping : Mapped "{[/request/comments],methods=[GET]}" onto public java.util.List<com.example.demo.comment.Comments> com.example.demo.comment.CommentController.getAllComments()
2018-12-02 00:01:11.789  INFO 5124 --- [restartedMain] s.w.s.m.m.a.RequestMappingHandlerMapping : Mapped "{[/post/comment],methods=[POST]}" onto public com.example.demo.comment.Comments com.example.demo.comment.CommentController.postComment(com.example.demo.comment.Comments)
2018-12-02 00:01:11.790  INFO 5124 --- [restartedMain] s.w.s.m.m.a.RequestMappingHandlerMapping : Mapped "{[/request/drinker/{drinkerID}],methods=[GET]}" onto public java.util.Optional<com.example.demo.drinker.Drinkers> com.example.demo.drinker.DrinkerController.getDrinkerByID(java.lang.Integer)
2018-12-02 00:01:11.790  INFO 5124 --- [restartedMain] s.w.s.m.m.a.RequestMappingHandlerMapping : Mapped "{[/request/is/drinker/{userID}],methods=[GET]}" onto public com.example.demo.drinker.StringResponse com.example.demo.drinker.DrinkerController.isDrinker(java.lang.Integer)
2018-12-02 00:01:11.791  INFO 5124 --- [restartedMain] s.w.s.m.m.a.RequestMappingHandlerMapping : Mapped "{[/request/drinker/user/{drinkerID}],methods=[GET]}" onto public com.example.demo.user.Users com.example.demo.drinker.DrinkerController.getDrinkerUser(java.lang.Integer)
2018-12-02 00:01:11.791  INFO 5124 --- [restartedMain] s.w.s.m.m.a.RequestMappingHandlerMapping : Mapped "{[/request/drinkers],methods=[GET]}" onto public java.util.List<com.example.demo.drinker.Drinkers> com.example.demo.drinker.DrinkerController.getAllDrinkers()
2018-12-02 00:01:11.791  INFO 5124 --- [restartedMain] s.w.s.m.m.a.RequestMappingHandlerMapping : Mapped "{[/post/update/drinker/{drinkerID}],methods=[PUT]}" onto public com.example.demo.drinker.Drinkers com.example.demo.drinker.DrinkerController.updateDrinker(java.lang.Integer,com.example.demo.drinker.Drinkers)
2018-12-02 00:01:11.791  INFO 5124 --- [restartedMain] s.w.s.m.m.a.RequestMappingHandlerMapping : Mapped "{[/post/new/drinker],methods=[POST]}" onto public com.example.demo.drinker.Drinkers com.example.demo.drinker.DrinkerController.saveDrinker(com.example.demo.drinker.Drinkers)
2018-12-02 00:01:11.792  INFO 5124 --- [restartedMain] s.w.s.m.m.a.RequestMappingHandlerMapping : Mapped "{[/request/drinker/firstname/{drinkerID}],methods=[GET]}" onto public com.example.demo.drinker.StringResponse com.example.demo.drinker.DrinkerController.getDrinkerFirstName(java.lang.Integer)
2018-12-02 00:01:11.793  INFO 5124 --- [restartedMain] s.w.s.m.m.a.RequestMappingHandlerMapping : Mapped "{[/post/new/driver],methods=[POST]}" onto public void com.example.demo.driver.DriverController.saveDriver(com.example.demo.driver.Drivers)
2018-12-02 00:01:11.794  INFO 5124 --- [restartedMain] s.w.s.m.m.a.RequestMappingHandlerMapping : Mapped "{[/put/update/driver/{driverID}],methods=[PUT]}" onto public void com.example.demo.driver.DriverController.updateDriver(java.lang.Integer,com.example.demo.driver.Drivers)
2018-12-02 00:01:11.795  INFO 5124 --- [restartedMain] s.w.s.m.m.a.RequestMappingHandlerMapping : Mapped "{[/request/drivers],methods=[GET]}" onto public java.util.List<com.example.demo.driver.Drivers> com.example.demo.driver.DriverController.getAllDrivers()
2018-12-02 00:01:11.796  INFO 5124 --- [restartedMain] s.w.s.m.m.a.RequestMappingHandlerMapping : Mapped "{[/request/driver/{driverID}],methods=[GET]}" onto public java.util.Optional<com.example.demo.driver.Drivers> com.example.demo.driver.DriverController.findDriverById(java.lang.Integer)
2018-12-02 00:01:11.797  INFO 5124 --- [restartedMain] s.w.s.m.m.a.RequestMappingHandlerMapping : Mapped "{[/hello]}" onto public java.lang.String com.example.demo.hello.HelloController.helloWorld()
2018-12-02 00:01:11.799  INFO 5124 --- [restartedMain] s.w.s.m.m.a.RequestMappingHandlerMapping : Mapped "{[/request/images],methods=[GET]}" onto public java.util.List<com.example.demo.image.Images> com.example.demo.image.ImageController.getAllImages()
2018-12-02 00:01:11.799  INFO 5124 --- [restartedMain] s.w.s.m.m.a.RequestMappingHandlerMapping : Mapped "{[/post/new/image],methods=[POST]}" onto public com.example.demo.image.Images com.example.demo.image.ImageController.saveImage(com.example.demo.image.Images)
2018-12-02 00:01:11.799  INFO 5124 --- [restartedMain] s.w.s.m.m.a.RequestMappingHandlerMapping : Mapped "{[/post/update/image/{imageID}],methods=[PUT]}" onto public com.example.demo.image.Images com.example.demo.image.ImageController.updateImage(int,com.example.demo.image.Images)
2018-12-02 00:01:11.800  INFO 5124 --- [restartedMain] s.w.s.m.m.a.RequestMappingHandlerMapping : Mapped "{[/post/new/string/image],methods=[POST]}" onto public java.lang.String com.example.demo.image.ImageController.saveImageString(com.example.demo.image.Images)
2018-12-02 00:01:11.800  INFO 5124 --- [restartedMain] s.w.s.m.m.a.RequestMappingHandlerMapping : Mapped "{[/post/upload/image],methods=[POST]}" onto public org.springframework.http.ResponseEntity<?> com.example.demo.image.ImageController.uploadFile(org.springframework.web.multipart.MultipartFile,javax.servlet.http.HttpServletRequest)
2018-12-02 00:01:11.800  INFO 5124 --- [restartedMain] s.w.s.m.m.a.RequestMappingHandlerMapping : Mapped "{[/request/image/{imageID}],methods=[GET]}" onto public java.util.Optional<com.example.demo.image.Images> com.example.demo.image.ImageController.getImageByID(int)
2018-12-02 00:01:11.801  INFO 5124 --- [restartedMain] s.w.s.m.m.a.RequestMappingHandlerMapping : Mapped "{[/post/new/post],methods=[POST]}" onto public com.example.demo.post.Posts com.example.demo.post.PostController.savePost(com.example.demo.post.Posts)
2018-12-02 00:01:11.801  INFO 5124 --- [restartedMain] s.w.s.m.m.a.RequestMappingHandlerMapping : Mapped "{[/post/update/incrementComment/{postID}],methods=[GET]}" onto public com.example.demo.post.Posts com.example.demo.post.PostController.incrementComment(int)
2018-12-02 00:01:11.802  INFO 5124 --- [restartedMain] s.w.s.m.m.a.RequestMappingHandlerMapping : Mapped "{[/request/posts],methods=[GET]}" onto public java.util.List<com.example.demo.post.Posts> com.example.demo.post.PostController.getAllPosts()
2018-12-02 00:01:11.802  INFO 5124 --- [restartedMain] s.w.s.m.m.a.RequestMappingHandlerMapping : Mapped "{[/request/post/{postID}],methods=[GET]}" onto public com.example.demo.post.Posts com.example.demo.post.PostController.getPostByID(int)
2018-12-02 00:01:11.802  INFO 5124 --- [restartedMain] s.w.s.m.m.a.RequestMappingHandlerMapping : Mapped "{[/request/posts/count],methods=[GET]}" onto public com.example.demo.post.PostCountResponse com.example.demo.post.PostController.postsCount()
2018-12-02 00:01:11.803  INFO 5124 --- [restartedMain] s.w.s.m.m.a.RequestMappingHandlerMapping : Mapped "{[/delete/post/{postID}],methods=[DELETE]}" onto public void com.example.demo.post.PostController.deletePost(int)
2018-12-02 00:01:11.803  INFO 5124 --- [restartedMain] s.w.s.m.m.a.RequestMappingHandlerMapping : Mapped "{[/request/rating/{username}],methods=[GET]}" onto public com.example.demo.post.Ratings com.example.demo.post.RatingController.hasRated(java.lang.String,com.example.demo.post.Posts)
2018-12-02 00:01:11.804  INFO 5124 --- [restartedMain] s.w.s.m.m.a.RequestMappingHandlerMapping : Mapped "{[/post/new/rating],methods=[POST]}" onto public com.example.demo.post.StringResponse com.example.demo.post.RatingController.rate(com.example.demo.post.Ratings)
